Started GET "/" for 127.0.0.1 at 2018-05-03 11:53:53 -0700
  
ActiveRecord::NoDatabaseError (FATAL:  database "cc_app_development" does not exist
):
  
activerecord (5.2.0) lib/active_record/connection_adapters/postgresql_adapter.rb:688:in `rescue in connect'
activerecord (5.2.0) lib/active_record/connection_adapters/postgresql_adapter.rb:684:in `connect'
activerecord (5.2.0) lib/active_record/connection_adapters/postgresql_adapter.rb:215:in `initialize'
activerecord (5.2.0) lib/active_record/connection_adapters/postgresql_adapter.rb:40:in `new'
activerecord (5.2.0) lib/active_record/connection_adapters/postgresql_adapter.rb:40:in `postgresql_connection'
activerecord (5.2.0) lib/active_record/connection_adapters/abstract/connection_pool.rb:809:in `new_connection'
activerecord (5.2.0) lib/active_record/connection_adapters/abstract/connection_pool.rb:853:in `checkout_new_connection'
activerecord (5.2.0) lib/active_record/connection_adapters/abstract/connection_pool.rb:832:in `try_to_checkout_new_connection'
activerecord (5.2.0) lib/active_record/connection_adapters/abstract/connection_pool.rb:793:in `acquire_connection'
activerecord (5.2.0) lib/active_record/connection_adapters/abstract/connection_pool.rb:521:in `checkout'
activerecord (5.2.0) lib/active_record/connection_adapters/abstract/connection_pool.rb:380:in `connection'
activerecord (5.2.0) lib/active_record/connection_adapters/abstract/connection_pool.rb:1008:in `retrieve_connection'
activerecord (5.2.0) lib/active_record/connection_handling.rb:118:in `retrieve_connection'
activerecord (5.2.0) lib/active_record/connection_handling.rb:90:in `connection'
activerecord (5.2.0) lib/active_record/migration.rb:554:in `call'
actionpack (5.2.0) lib/action_dispatch/middleware/callbacks.rb:28:in `block in call'
activesupport (5.2.0) lib/active_support/callbacks.rb:98:in `run_callbacks'
actionpack (5.2.0) lib/action_dispatch/middleware/callbacks.rb:26:in `call'
actionpack (5.2.0) lib/action_dispatch/middleware/executor.rb:14:in `call'
actionpack (5.2.0) lib/action_dispatch/middleware/debug_exceptions.rb:61:in `call'
web-console (3.6.2) lib/web_console/middleware.rb:135:in `call_app'
web-console (3.6.2) lib/web_console/middleware.rb:30:in `block in call'
web-console (3.6.2) lib/web_console/middleware.rb:20:in `catch'
web-console (3.6.2) lib/web_console/middleware.rb:20:in `call'
actionpack (5.2.0) lib/action_dispatch/middleware/show_exceptions.rb:33:in `call'
railties (5.2.0) lib/rails/rack/logger.rb:38:in `call_app'
railties (5.2.0) lib/rails/rack/logger.rb:26:in `block in call'
activesupport (5.2.0) lib/active_support/tagged_logging.rb:71:in `block in tagged'
activesupport (5.2.0) lib/active_support/tagged_logging.rb:28:in `tagged'
activesupport (5.2.0) lib/active_support/tagged_logging.rb:71:in `tagged'
railties (5.2.0) lib/rails/rack/logger.rb:26:in `call'
sprockets-rails (3.2.1) lib/sprockets/rails/quiet_assets.rb:13:in `call'
actionpack (5.2.0) lib/action_dispatch/middleware/remote_ip.rb:81:in `call'
actionpack (5.2.0) lib/action_dispatch/middleware/request_id.rb:27:in `call'
rack (2.0.5) lib/rack/method_override.rb:22:in `call'
rack (2.0.5) lib/rack/runtime.rb:22:in `call'
activesupport (5.2.0) lib/active_support/cache/strategy/local_cache_middleware.rb:29:in `call'
actionpack (5.2.0) lib/action_dispatch/middleware/executor.rb:14:in `call'
actionpack (5.2.0) lib/action_dispatch/middleware/static.rb:127:in `call'
rack (2.0.5) lib/rack/sendfile.rb:111:in `call'
railties (5.2.0) lib/rails/engine.rb:524:in `call'
puma (3.11.4) lib/puma/configuration.rb:225:in `call'
puma (3.11.4) lib/puma/server.rb:632:in `handle_request'
puma (3.11.4) lib/puma/server.rb:446:in `process_client'
puma (3.11.4) lib/puma/server.rb:306:in `block in run'
puma (3.11.4) lib/puma/thread_pool.rb:120:in `block in spawn_thread'
  [1m[35m (1044.1ms)[0m  [1m[35mCREATE DATABASE "cc_app_development" ENCODING = 'unicode'[0m
  ↳ /Users/learn/.rvm/gems/ruby-2.3.1/gems/rake-12.3.1/lib/rake/task.rb:271
  [1m[35m (679.0ms)[0m  [1m[35mCREATE DATABASE "cc_app_test" ENCODING = 'unicode'[0m
  ↳ /Users/learn/.rvm/gems/ruby-2.3.1/gems/rake-12.3.1/lib/rake/task.rb:271
Started GET "/" for 127.0.0.1 at 2018-05-03 11:56:33 -0700
Processing by Rails::WelcomeController#index as HTML
  Rendering /Users/learn/.rvm/rubies/ruby-2.3.1/lib/ruby/gems/2.3.0/gems/railties-5.2.0/lib/rails/templates/rails/welcome/index.html.erb
  Rendered /Users/learn/.rvm/rubies/ruby-2.3.1/lib/ruby/gems/2.3.0/gems/railties-5.2.0/lib/rails/templates/rails/welcome/index.html.erb (10.1ms)
Completed 200 OK in 34ms (Views: 13.9ms | ActiveRecord: 0.0ms)


Started GET "/register?given_name=jsfdla&family_name=piuwreegprw&email=vonvfkmo%40gmail.com&address=1123+good+st" for 127.0.0.1 at 2018-05-03 12:14:37 -0700
  
ActionController::RoutingError (No route matches [GET] "/register"):
  
actionpack (5.2.0) lib/action_dispatch/middleware/debug_exceptions.rb:65:in `call'
web-console (3.6.2) lib/web_console/middleware.rb:135:in `call_app'
web-console (3.6.2) lib/web_console/middleware.rb:30:in `block in call'
web-console (3.6.2) lib/web_console/middleware.rb:20:in `catch'
web-console (3.6.2) lib/web_console/middleware.rb:20:in `call'
actionpack (5.2.0) lib/action_dispatch/middleware/show_exceptions.rb:33:in `call'
railties (5.2.0) lib/rails/rack/logger.rb:38:in `call_app'
railties (5.2.0) lib/rails/rack/logger.rb:26:in `block in call'
activesupport (5.2.0) lib/active_support/tagged_logging.rb:71:in `block in tagged'
activesupport (5.2.0) lib/active_support/tagged_logging.rb:28:in `tagged'
activesupport (5.2.0) lib/active_support/tagged_logging.rb:71:in `tagged'
railties (5.2.0) lib/rails/rack/logger.rb:26:in `call'
sprockets-rails (3.2.1) lib/sprockets/rails/quiet_assets.rb:13:in `call'
actionpack (5.2.0) lib/action_dispatch/middleware/remote_ip.rb:81:in `call'
actionpack (5.2.0) lib/action_dispatch/middleware/request_id.rb:27:in `call'
rack (2.0.5) lib/rack/method_override.rb:22:in `call'
rack (2.0.5) lib/rack/runtime.rb:22:in `call'
activesupport (5.2.0) lib/active_support/cache/strategy/local_cache_middleware.rb:29:in `call'
actionpack (5.2.0) lib/action_dispatch/middleware/executor.rb:14:in `call'
actionpack (5.2.0) lib/action_dispatch/middleware/static.rb:127:in `call'
rack (2.0.5) lib/rack/sendfile.rb:111:in `call'
railties (5.2.0) lib/rails/engine.rb:524:in `call'
puma (3.11.4) lib/puma/configuration.rb:225:in `call'
puma (3.11.4) lib/puma/server.rb:632:in `handle_request'
puma (3.11.4) lib/puma/server.rb:446:in `process_client'
puma (3.11.4) lib/puma/server.rb:306:in `block in run'
puma (3.11.4) lib/puma/thread_pool.rb:120:in `block in spawn_thread'
Started GET "/register?given_name=jsfdla&family_name=piuwreegprw&email=vonvfkmo%40gmail.com&address=1123+good+st" for 127.0.0.1 at 2018-05-03 12:14:40 -0700
  
ActionController::RoutingError (No route matches [GET] "/register"):
  
actionpack (5.2.0) lib/action_dispatch/middleware/debug_exceptions.rb:65:in `call'
web-console (3.6.2) lib/web_console/middleware.rb:135:in `call_app'
web-console (3.6.2) lib/web_console/middleware.rb:30:in `block in call'
web-console (3.6.2) lib/web_console/middleware.rb:20:in `catch'
web-console (3.6.2) lib/web_console/middleware.rb:20:in `call'
actionpack (5.2.0) lib/action_dispatch/middleware/show_exceptions.rb:33:in `call'
railties (5.2.0) lib/rails/rack/logger.rb:38:in `call_app'
railties (5.2.0) lib/rails/rack/logger.rb:26:in `block in call'
activesupport (5.2.0) lib/active_support/tagged_logging.rb:71:in `block in tagged'
activesupport (5.2.0) lib/active_support/tagged_logging.rb:28:in `tagged'
activesupport (5.2.0) lib/active_support/tagged_logging.rb:71:in `tagged'
railties (5.2.0) lib/rails/rack/logger.rb:26:in `call'
sprockets-rails (3.2.1) lib/sprockets/rails/quiet_assets.rb:13:in `call'
actionpack (5.2.0) lib/action_dispatch/middleware/remote_ip.rb:81:in `call'
actionpack (5.2.0) lib/action_dispatch/middleware/request_id.rb:27:in `call'
rack (2.0.5) lib/rack/method_override.rb:22:in `call'
rack (2.0.5) lib/rack/runtime.rb:22:in `call'
activesupport (5.2.0) lib/active_support/cache/strategy/local_cache_middleware.rb:29:in `call'
actionpack (5.2.0) lib/action_dispatch/middleware/executor.rb:14:in `call'
actionpack (5.2.0) lib/action_dispatch/middleware/static.rb:127:in `call'
rack (2.0.5) lib/rack/sendfile.rb:111:in `call'
railties (5.2.0) lib/rails/engine.rb:524:in `call'
puma (3.11.4) lib/puma/configuration.rb:225:in `call'
puma (3.11.4) lib/puma/server.rb:632:in `handle_request'
puma (3.11.4) lib/puma/server.rb:446:in `process_client'
puma (3.11.4) lib/puma/server.rb:306:in `block in run'
puma (3.11.4) lib/puma/thread_pool.rb:120:in `block in spawn_thread'
  [1m[35m (66.8ms)[0m  [1m[35mDROP TABLE "User"[0m
  [1m[35m (1.1ms)[0m  [1m[35mDROP TABLE "Users"[0m
  [1m[35m (1.0ms)[0m  [1m[35mDROP TABLE "users"[0m
  [1m[35m (229.7ms)[0m  [1m[35mCREATE TABLE "schema_migrations" ("version" character varying NOT NULL PRIMARY KEY)[0m
  ↳ /Users/learn/.rvm/gems/ruby-2.3.1/gems/rake-12.3.1/lib/rake/task.rb:271
  [1m[35m (68.9ms)[0m  [1m[35mCREATE TABLE "ar_internal_metadata" ("key" character varying NOT NULL PRIMARY KEY, "value" character varying, "created_at" timestamp NOT NULL, "updated_at" timestamp NOT NULL)[0m
  ↳ /Users/learn/.rvm/gems/ruby-2.3.1/gems/rake-12.3.1/lib/rake/task.rb:271
  [1m[35m (19.6ms)[0m  [1m[34mSELECT pg_try_advisory_lock(2290276118972758770)[0m
  ↳ /Users/learn/.rvm/gems/ruby-2.3.1/gems/rake-12.3.1/lib/rake/task.rb:271
  [1m[35m (0.8ms)[0m  [1m[34mSELECT "schema_migrations"."version" FROM "schema_migrations" ORDER BY "schema_migrations"."version" ASC[0m
  ↳ /Users/learn/.rvm/gems/ruby-2.3.1/gems/rake-12.3.1/lib/rake/task.rb:271
Migrating to CreateUsers (20180503203400)
  [1m[35m (0.2ms)[0m  [1m[35mBEGIN[0m
  ↳ /Users/learn/.rvm/gems/ruby-2.3.1/gems/rake-12.3.1/lib/rake/task.rb:271
  [1m[35m (0.2ms)[0m  [1m[31mROLLBACK[0m
  ↳ /Users/learn/.rvm/gems/ruby-2.3.1/gems/rake-12.3.1/lib/rake/task.rb:271
  [1m[35m (1.1ms)[0m  [1m[34mSELECT pg_advisory_unlock(2290276118972758770)[0m
  ↳ /Users/learn/.rvm/gems/ruby-2.3.1/gems/rake-12.3.1/lib/rake/task.rb:271
  [1m[35m (0.2ms)[0m  [1m[34mSELECT pg_try_advisory_lock(2290276118972758770)[0m
  ↳ /Users/learn/.rvm/gems/ruby-2.3.1/gems/rake-12.3.1/lib/rake/task.rb:271
  [1m[35m (0.7ms)[0m  [1m[34mSELECT "schema_migrations"."version" FROM "schema_migrations" ORDER BY "schema_migrations"."version" ASC[0m
  ↳ /Users/learn/.rvm/gems/ruby-2.3.1/gems/rake-12.3.1/lib/rake/task.rb:271
Migrating to CreateUsers (20180503203459)
  [1m[35m (0.1ms)[0m  [1m[35mBEGIN[0m
  ↳ /Users/learn/.rvm/gems/ruby-2.3.1/gems/rake-12.3.1/lib/rake/task.rb:271
  [1m[35m (0.1ms)[0m  [1m[31mROLLBACK[0m
  ↳ /Users/learn/.rvm/gems/ruby-2.3.1/gems/rake-12.3.1/lib/rake/task.rb:271
  [1m[35m (0.2ms)[0m  [1m[34mSELECT pg_advisory_unlock(2290276118972758770)[0m
  ↳ /Users/learn/.rvm/gems/ruby-2.3.1/gems/rake-12.3.1/lib/rake/task.rb:271
  [1m[35m (0.2ms)[0m  [1m[34mSELECT pg_try_advisory_lock(2290276118972758770)[0m
  ↳ /Users/learn/.rvm/gems/ruby-2.3.1/gems/rake-12.3.1/lib/rake/task.rb:271
  [1m[35m (0.4ms)[0m  [1m[34mSELECT "schema_migrations"."version" FROM "schema_migrations" ORDER BY "schema_migrations"."version" ASC[0m
  ↳ /Users/learn/.rvm/gems/ruby-2.3.1/gems/rake-12.3.1/lib/rake/task.rb:271
Migrating to CreateUsers (20180503203547)
  [1m[35m (0.1ms)[0m  [1m[35mBEGIN[0m
  ↳ /Users/learn/.rvm/gems/ruby-2.3.1/gems/rake-12.3.1/lib/rake/task.rb:271
  [1m[35m (142.1ms)[0m  [1m[35mCREATE TABLE "users" ("id" bigserial primary key, "Name" character varying, "Address" character varying, "City" character varying, "State" character varying, "Zip" integer, "Email" character varying, "created_at" timestamp NOT NULL, "updated_at" timestamp NOT NULL)[0m
  ↳ db/migrate/20180503203547_create_users.rb:3
  [1m[36mActiveRecord::SchemaMigration Create (29.8ms)[0m  [1m[32mINSERT INTO "schema_migrations" ("version") VALUES ($1) RETURNING "version"[0m  [["version", "20180503203547"]]
  ↳ /Users/learn/.rvm/gems/ruby-2.3.1/gems/rake-12.3.1/lib/rake/task.rb:271
  [1m[35m (0.5ms)[0m  [1m[35mCOMMIT[0m
  ↳ /Users/learn/.rvm/gems/ruby-2.3.1/gems/rake-12.3.1/lib/rake/task.rb:271
  [1m[36mActiveRecord::InternalMetadata Load (1.1ms)[0m  [1m[34mSELECT  "ar_internal_metadata".* FROM "ar_internal_metadata" WHERE "ar_internal_metadata"."key" = $1 LIMIT $2[0m  [["key", "environment"], ["LIMIT", 1]]
  ↳ /Users/learn/.rvm/gems/ruby-2.3.1/gems/rake-12.3.1/lib/rake/task.rb:271
  [1m[35m (0.2ms)[0m  [1m[35mBEGIN[0m
  ↳ /Users/learn/.rvm/gems/ruby-2.3.1/gems/rake-12.3.1/lib/rake/task.rb:271
  [1m[36mActiveRecord::InternalMetadata Create (0.9ms)[0m  [1m[32mINSERT INTO "ar_internal_metadata" ("key", "value", "created_at", "updated_at") VALUES ($1, $2, $3, $4) RETURNING "key"[0m  [["key", "environment"], ["value", "development"], ["created_at", "2018-05-03 20:35:53.277884"], ["updated_at", "2018-05-03 20:35:53.277884"]]
  ↳ /Users/learn/.rvm/gems/ruby-2.3.1/gems/rake-12.3.1/lib/rake/task.rb:271
  [1m[35m (0.4ms)[0m  [1m[35mCOMMIT[0m
  ↳ /Users/learn/.rvm/gems/ruby-2.3.1/gems/rake-12.3.1/lib/rake/task.rb:271
  [1m[35m (0.3ms)[0m  [1m[34mSELECT pg_advisory_unlock(2290276118972758770)[0m
  ↳ /Users/learn/.rvm/gems/ruby-2.3.1/gems/rake-12.3.1/lib/rake/task.rb:271
  [1m[35m (0.3ms)[0m  [1m[34mSELECT "schema_migrations"."version" FROM "schema_migrations" ORDER BY "schema_migrations"."version" ASC[0m
  ↳ /Users/learn/.rvm/gems/ruby-2.3.1/gems/rake-12.3.1/lib/rake/task.rb:271
  [1m[36mUser Load (0.3ms)[0m  [1m[34mSELECT  "users".* FROM "users" LIMIT $1[0m  [["LIMIT", 11]]
  [1m[35m (0.5ms)[0m  [1m[34mSELECT "schema_migrations"."version" FROM "schema_migrations" ORDER BY "schema_migrations"."version" ASC[0m
  ↳ /Users/learn/.rvm/gems/ruby-2.3.1/gems/rake-12.3.1/lib/rake/task.rb:271
  [1m[35m (0.2ms)[0m  [1m[34mSELECT "schema_migrations"."version" FROM "schema_migrations" ORDER BY "schema_migrations"."version" ASC[0m
  ↳ /Users/learn/.rvm/gems/ruby-2.3.1/gems/rake-12.3.1/lib/rake/task.rb:271
  [1m[35m (0.2ms)[0m  [1m[34mSELECT "schema_migrations"."version" FROM "schema_migrations" ORDER BY "schema_migrations"."version" ASC[0m
  ↳ /Users/learn/.rvm/gems/ruby-2.3.1/gems/rake-12.3.1/lib/rake/task.rb:271
  [1m[35m (0.2ms)[0m  [1m[34mSELECT pg_try_advisory_lock(2290276118972758770)[0m
  ↳ /Users/learn/.rvm/gems/ruby-2.3.1/gems/rake-12.3.1/lib/rake/task.rb:271
  [1m[35m (0.2ms)[0m  [1m[34mSELECT "schema_migrations"."version" FROM "schema_migrations" ORDER BY "schema_migrations"."version" ASC[0m
  ↳ /Users/learn/.rvm/gems/ruby-2.3.1/gems/rake-12.3.1/lib/rake/task.rb:271
Migrating to CreateUsers (20180503203547)
  [1m[35m (0.1ms)[0m  [1m[35mBEGIN[0m
  ↳ /Users/learn/.rvm/gems/ruby-2.3.1/gems/rake-12.3.1/lib/rake/task.rb:271
  [1m[35m (78.7ms)[0m  [1m[35mDROP TABLE "users"[0m
  ↳ /Users/learn/.rvm/gems/ruby-2.3.1/gems/rake-12.3.1/lib/rake/task.rb:271
  [1m[36mActiveRecord::SchemaMigration Destroy (0.4ms)[0m  [1m[31mDELETE FROM "schema_migrations" WHERE "schema_migrations"."version" = $1[0m  [["version", "20180503203547"]]
  ↳ /Users/learn/.rvm/gems/ruby-2.3.1/gems/rake-12.3.1/lib/rake/task.rb:271
  [1m[35m (1.4ms)[0m  [1m[35mCOMMIT[0m
  ↳ /Users/learn/.rvm/gems/ruby-2.3.1/gems/rake-12.3.1/lib/rake/task.rb:271
  [1m[35m (0.2ms)[0m  [1m[34mSELECT pg_advisory_unlock(2290276118972758770)[0m
  ↳ /Users/learn/.rvm/gems/ruby-2.3.1/gems/rake-12.3.1/lib/rake/task.rb:271
  [1m[35m (0.2ms)[0m  [1m[34mSELECT "schema_migrations"."version" FROM "schema_migrations" ORDER BY "schema_migrations"."version" ASC[0m
  ↳ /Users/learn/.rvm/gems/ruby-2.3.1/gems/rake-12.3.1/lib/rake/task.rb:271
  [1m[35m (0.2ms)[0m  [1m[34mSELECT pg_try_advisory_lock(2290276118972758770)[0m
  ↳ /Users/learn/.rvm/gems/ruby-2.3.1/gems/rake-12.3.1/lib/rake/task.rb:271
  [1m[35m (0.5ms)[0m  [1m[34mSELECT "schema_migrations"."version" FROM "schema_migrations" ORDER BY "schema_migrations"."version" ASC[0m
  ↳ /Users/learn/.rvm/gems/ruby-2.3.1/gems/rake-12.3.1/lib/rake/task.rb:271
Migrating to CreateUsers (20180503203547)
  [1m[35m (0.1ms)[0m  [1m[35mBEGIN[0m
  ↳ /Users/learn/.rvm/gems/ruby-2.3.1/gems/rake-12.3.1/lib/rake/task.rb:271
  [1m[35m (22.0ms)[0m  [1m[35mCREATE TABLE "users" ("id" bigserial primary key, "Name" character varying, "Address" character varying, "City" character varying, "State" character varying, "Zip" integer, "Email" character varying, "created_at" timestamp NOT NULL, "updated_at" timestamp NOT NULL)[0m
  ↳ db/migrate/20180503203547_create_users.rb:3
  [1m[36mActiveRecord::SchemaMigration Create (0.5ms)[0m  [1m[32mINSERT INTO "schema_migrations" ("version") VALUES ($1) RETURNING "version"[0m  [["version", "20180503203547"]]
  ↳ /Users/learn/.rvm/gems/ruby-2.3.1/gems/rake-12.3.1/lib/rake/task.rb:271
  [1m[35m (1.2ms)[0m  [1m[35mCOMMIT[0m
  ↳ /Users/learn/.rvm/gems/ruby-2.3.1/gems/rake-12.3.1/lib/rake/task.rb:271
Migrating to CreateCreditCards (20180503204248)
  [1m[35m (40.5ms)[0m  [1m[35mBEGIN[0m
  ↳ /Users/learn/.rvm/gems/ruby-2.3.1/gems/rake-12.3.1/lib/rake/task.rb:271
  [1m[35m (0.1ms)[0m  [1m[31mROLLBACK[0m
  ↳ /Users/learn/.rvm/gems/ruby-2.3.1/gems/rake-12.3.1/lib/rake/task.rb:271
  [1m[35m (0.2ms)[0m  [1m[34mSELECT pg_advisory_unlock(2290276118972758770)[0m
  ↳ /Users/learn/.rvm/gems/ruby-2.3.1/gems/rake-12.3.1/lib/rake/task.rb:271
  [1m[35m (0.2ms)[0m  [1m[34mSELECT pg_try_advisory_lock(2290276118972758770)[0m
  ↳ /Users/learn/.rvm/gems/ruby-2.3.1/gems/rake-12.3.1/lib/rake/task.rb:271
  [1m[35m (0.5ms)[0m  [1m[34mSELECT "schema_migrations"."version" FROM "schema_migrations" ORDER BY "schema_migrations"."version" ASC[0m
  ↳ /Users/learn/.rvm/gems/ruby-2.3.1/gems/rake-12.3.1/lib/rake/task.rb:271
Migrating to CreateCreditCards (20180503204248)
  [1m[35m (0.1ms)[0m  [1m[35mBEGIN[0m
  ↳ /Users/learn/.rvm/gems/ruby-2.3.1/gems/rake-12.3.1/lib/rake/task.rb:271
  [1m[35m (0.1ms)[0m  [1m[31mROLLBACK[0m
  ↳ /Users/learn/.rvm/gems/ruby-2.3.1/gems/rake-12.3.1/lib/rake/task.rb:271
  [1m[35m (0.2ms)[0m  [1m[34mSELECT pg_advisory_unlock(2290276118972758770)[0m
  ↳ /Users/learn/.rvm/gems/ruby-2.3.1/gems/rake-12.3.1/lib/rake/task.rb:271
  [1m[35m (0.2ms)[0m  [1m[34mSELECT pg_try_advisory_lock(2290276118972758770)[0m
  ↳ /Users/learn/.rvm/gems/ruby-2.3.1/gems/rake-12.3.1/lib/rake/task.rb:271
  [1m[35m (0.5ms)[0m  [1m[34mSELECT "schema_migrations"."version" FROM "schema_migrations" ORDER BY "schema_migrations"."version" ASC[0m
  ↳ /Users/learn/.rvm/gems/ruby-2.3.1/gems/rake-12.3.1/lib/rake/task.rb:271
Migrating to CreateCreditCards (20180503204248)
  [1m[35m (0.1ms)[0m  [1m[35mBEGIN[0m
  ↳ /Users/learn/.rvm/gems/ruby-2.3.1/gems/rake-12.3.1/lib/rake/task.rb:271
  [1m[35m (0.1ms)[0m  [1m[31mROLLBACK[0m
  ↳ /Users/learn/.rvm/gems/ruby-2.3.1/gems/rake-12.3.1/lib/rake/task.rb:271
  [1m[35m (0.2ms)[0m  [1m[34mSELECT pg_advisory_unlock(2290276118972758770)[0m
  ↳ /Users/learn/.rvm/gems/ruby-2.3.1/gems/rake-12.3.1/lib/rake/task.rb:271
  [1m[35m (0.2ms)[0m  [1m[34mSELECT pg_try_advisory_lock(2290276118972758770)[0m
  ↳ /Users/learn/.rvm/gems/ruby-2.3.1/gems/rake-12.3.1/lib/rake/task.rb:271
  [1m[35m (0.5ms)[0m  [1m[34mSELECT "schema_migrations"."version" FROM "schema_migrations" ORDER BY "schema_migrations"."version" ASC[0m
  ↳ /Users/learn/.rvm/gems/ruby-2.3.1/gems/rake-12.3.1/lib/rake/task.rb:271
Migrating to CreateCreditCards (20180503204248)
  [1m[35m (0.1ms)[0m  [1m[35mBEGIN[0m
  ↳ /Users/learn/.rvm/gems/ruby-2.3.1/gems/rake-12.3.1/lib/rake/task.rb:271
  [1m[35m (0.2ms)[0m  [1m[31mROLLBACK[0m
  ↳ /Users/learn/.rvm/gems/ruby-2.3.1/gems/rake-12.3.1/lib/rake/task.rb:271
  [1m[35m (0.2ms)[0m  [1m[34mSELECT pg_advisory_unlock(2290276118972758770)[0m
  ↳ /Users/learn/.rvm/gems/ruby-2.3.1/gems/rake-12.3.1/lib/rake/task.rb:271
  [1m[35m (0.2ms)[0m  [1m[34mSELECT pg_try_advisory_lock(2290276118972758770)[0m
  ↳ /Users/learn/.rvm/gems/ruby-2.3.1/gems/rake-12.3.1/lib/rake/task.rb:271
  [1m[35m (0.5ms)[0m  [1m[34mSELECT "schema_migrations"."version" FROM "schema_migrations" ORDER BY "schema_migrations"."version" ASC[0m
  ↳ /Users/learn/.rvm/gems/ruby-2.3.1/gems/rake-12.3.1/lib/rake/task.rb:271
Migrating to CreateCreditCards (20180503204248)
  [1m[35m (0.3ms)[0m  [1m[34mSELECT pg_advisory_unlock(2290276118972758770)[0m
  ↳ /Users/learn/.rvm/gems/ruby-2.3.1/gems/rake-12.3.1/lib/rake/task.rb:271
  [1m[35m (0.2ms)[0m  [1m[34mSELECT pg_try_advisory_lock(2290276118972758770)[0m
  ↳ /Users/learn/.rvm/gems/ruby-2.3.1/gems/rake-12.3.1/lib/rake/task.rb:271
  [1m[35m (0.5ms)[0m  [1m[34mSELECT "schema_migrations"."version" FROM "schema_migrations" ORDER BY "schema_migrations"."version" ASC[0m
  ↳ /Users/learn/.rvm/gems/ruby-2.3.1/gems/rake-12.3.1/lib/rake/task.rb:271
Migrating to CreateCreditCards (20180503204248)
  [1m[35m (0.1ms)[0m  [1m[35mBEGIN[0m
  ↳ /Users/learn/.rvm/gems/ruby-2.3.1/gems/rake-12.3.1/lib/rake/task.rb:271
  [1m[35m (83.8ms)[0m  [1m[35mCREATE TABLE "credit_cards" ("id" bigserial primary key, "users_id" bigint, "expired_Date" date, "card_num" character varying, "created_at" timestamp NOT NULL, "updated_at" timestamp NOT NULL, CONSTRAINT "fk_rails_5d33ffa27a"
FOREIGN KEY ("users_id")
  REFERENCES "users" ("id")
)[0m
  ↳ db/migrate/20180503204248_create_credit_cards.rb:3
  [1m[35m (1.0ms)[0m  [1m[35mCREATE  INDEX  "index_credit_cards_on_users_id" ON "credit_cards"  ("users_id")[0m
  ↳ db/migrate/20180503204248_create_credit_cards.rb:3
  [1m[36mActiveRecord::SchemaMigration Create (0.5ms)[0m  [1m[32mINSERT INTO "schema_migrations" ("version") VALUES ($1) RETURNING "version"[0m  [["version", "20180503204248"]]
  ↳ /Users/learn/.rvm/gems/ruby-2.3.1/gems/rake-12.3.1/lib/rake/task.rb:271
  [1m[35m (1.2ms)[0m  [1m[35mCOMMIT[0m
  ↳ /Users/learn/.rvm/gems/ruby-2.3.1/gems/rake-12.3.1/lib/rake/task.rb:271
  [1m[36mActiveRecord::InternalMetadata Load (0.5ms)[0m  [1m[34mSELECT  "ar_internal_metadata".* FROM "ar_internal_metadata" WHERE "ar_internal_metadata"."key" = $1 LIMIT $2[0m  [["key", "environment"], ["LIMIT", 1]]
  ↳ /Users/learn/.rvm/gems/ruby-2.3.1/gems/rake-12.3.1/lib/rake/task.rb:271
  [1m[35m (0.2ms)[0m  [1m[35mBEGIN[0m
  ↳ /Users/learn/.rvm/gems/ruby-2.3.1/gems/rake-12.3.1/lib/rake/task.rb:271
  [1m[35m (0.1ms)[0m  [1m[35mCOMMIT[0m
  ↳ /Users/learn/.rvm/gems/ruby-2.3.1/gems/rake-12.3.1/lib/rake/task.rb:271
  [1m[35m (0.2ms)[0m  [1m[34mSELECT pg_advisory_unlock(2290276118972758770)[0m
  ↳ /Users/learn/.rvm/gems/ruby-2.3.1/gems/rake-12.3.1/lib/rake/task.rb:271
  [1m[35m (0.3ms)[0m  [1m[34mSELECT "schema_migrations"."version" FROM "schema_migrations" ORDER BY "schema_migrations"."version" ASC[0m
  ↳ /Users/learn/.rvm/gems/ruby-2.3.1/gems/rake-12.3.1/lib/rake/task.rb:271
  [1m[36mUser Load (0.3ms)[0m  [1m[34mSELECT  "users".* FROM "users" LIMIT $1[0m  [["LIMIT", 11]]
  [1m[35m (0.2ms)[0m  [1m[35mBEGIN[0m
  [1m[36mUser Create (37.9ms)[0m  [1m[32mINSERT INTO "users" ("Name", "Address", "City", "State", "Zip", "created_at", "updated_at") VALUES ($1, $2, $3, $4, $5, $6, $7) RETURNING "id"[0m  [["Name", "John Doe"], ["Address", "el cojion dr"], ["City", "San Diego"], ["State", "CA"], ["Zip", 92562], ["created_at", "2018-05-03 21:19:13.365021"], ["updated_at", "2018-05-03 21:19:13.365021"]]
  [1m[35m (0.5ms)[0m  [1m[35mCOMMIT[0m
  [1m[36mUser Load (0.3ms)[0m  [1m[34mSELECT  "users".* FROM "users" LIMIT $1[0m  [["LIMIT", 11]]
  [1m[36mUser Load (0.3ms)[0m  [1m[34mSELECT  "users".* FROM "users" LIMIT $1[0m  [["LIMIT", 11]]
  [1m[36mCreditCard Load (0.3ms)[0m  [1m[34mSELECT  "credit_cards".* FROM "credit_cards" LIMIT $1[0m  [["LIMIT", 11]]
  [1m[36mUser Load (0.3ms)[0m  [1m[34mSELECT  "users".* FROM "users" LIMIT $1[0m  [["LIMIT", 11]]
  [1m[35m (0.2ms)[0m  [1m[35mBEGIN[0m
  [1m[35m (0.3ms)[0m  [1m[31mROLLBACK[0m
  [1m[35m (0.5ms)[0m  [1m[34mSELECT "schema_migrations"."version" FROM "schema_migrations" ORDER BY "schema_migrations"."version" ASC[0m
  ↳ /Users/learn/.rvm/gems/ruby-2.3.1/gems/rake-12.3.1/lib/rake/task.rb:271
  [1m[35m (0.3ms)[0m  [1m[34mSELECT "ar_internal_metadata"."value" FROM "ar_internal_metadata" WHERE "ar_internal_metadata"."key" = $1[0m  [["key", "environment"]]
  ↳ /Users/learn/.rvm/gems/ruby-2.3.1/gems/rake-12.3.1/lib/rake/task.rb:271
  [1m[35m (0.2ms)[0m  [1m[34mSELECT "schema_migrations"."version" FROM "schema_migrations" ORDER BY "schema_migrations"."version" ASC[0m
  ↳ /Users/learn/.rvm/gems/ruby-2.3.1/gems/rake-12.3.1/lib/rake/task.rb:271
  [1m[35m (0.2ms)[0m  [1m[34mSELECT "ar_internal_metadata"."value" FROM "ar_internal_metadata" WHERE "ar_internal_metadata"."key" = $1[0m  [["key", "environment"]]
  ↳ /Users/learn/.rvm/gems/ruby-2.3.1/gems/rake-12.3.1/lib/rake/task.rb:271
  [1m[35m (0.2ms)[0m  [1m[34mSELECT "schema_migrations"."version" FROM "schema_migrations" ORDER BY "schema_migrations"."version" ASC[0m
  ↳ /Users/learn/.rvm/gems/ruby-2.3.1/gems/rake-12.3.1/lib/rake/task.rb:271
  [1m[35m (0.1ms)[0m  [1m[34mSELECT "ar_internal_metadata"."value" FROM "ar_internal_metadata" WHERE "ar_internal_metadata"."key" = $1[0m  [["key", "environment"]]
  ↳ /Users/learn/.rvm/gems/ruby-2.3.1/gems/rake-12.3.1/lib/rake/task.rb:271
  [1m[35m (7992.9ms)[0m  [1m[35mDROP DATABASE IF EXISTS "cc_app_development"[0m
  ↳ /Users/learn/.rvm/gems/ruby-2.3.1/gems/rake-12.3.1/lib/rake/task.rb:271
  [1m[35m (0.5ms)[0m  [1m[34mSELECT "schema_migrations"."version" FROM "schema_migrations" ORDER BY "schema_migrations"."version" ASC[0m
  ↳ /Users/learn/.rvm/gems/ruby-2.3.1/gems/rake-12.3.1/lib/rake/task.rb:271
  [1m[35m (0.3ms)[0m  [1m[34mSELECT "ar_internal_metadata"."value" FROM "ar_internal_metadata" WHERE "ar_internal_metadata"."key" = $1[0m  [["key", "environment"]]
  ↳ /Users/learn/.rvm/gems/ruby-2.3.1/gems/rake-12.3.1/lib/rake/task.rb:271
  [1m[35m (0.3ms)[0m  [1m[34mSELECT "schema_migrations"."version" FROM "schema_migrations" ORDER BY "schema_migrations"."version" ASC[0m
  ↳ /Users/learn/.rvm/gems/ruby-2.3.1/gems/rake-12.3.1/lib/rake/task.rb:271
  [1m[35m (0.2ms)[0m  [1m[34mSELECT "ar_internal_metadata"."value" FROM "ar_internal_metadata" WHERE "ar_internal_metadata"."key" = $1[0m  [["key", "environment"]]
  ↳ /Users/learn/.rvm/gems/ruby-2.3.1/gems/rake-12.3.1/lib/rake/task.rb:271
  [1m[35m (0.2ms)[0m  [1m[34mSELECT "schema_migrations"."version" FROM "schema_migrations" ORDER BY "schema_migrations"."version" ASC[0m
  ↳ /Users/learn/.rvm/gems/ruby-2.3.1/gems/rake-12.3.1/lib/rake/task.rb:271
  [1m[35m (0.1ms)[0m  [1m[34mSELECT "ar_internal_metadata"."value" FROM "ar_internal_metadata" WHERE "ar_internal_metadata"."key" = $1[0m  [["key", "environment"]]
  ↳ /Users/learn/.rvm/gems/ruby-2.3.1/gems/rake-12.3.1/lib/rake/task.rb:271
  [1m[35m (227.6ms)[0m  [1m[35mDROP DATABASE IF EXISTS "cc_app_development"[0m
  ↳ /Users/learn/.rvm/gems/ruby-2.3.1/gems/rake-12.3.1/lib/rake/task.rb:271
  [1m[35m (133.6ms)[0m  [1m[35mDROP DATABASE IF EXISTS "cc_app_test"[0m
  ↳ /Users/learn/.rvm/gems/ruby-2.3.1/gems/rake-12.3.1/lib/rake/task.rb:271
  [1m[35m (529.9ms)[0m  [1m[35mCREATE DATABASE "cc_app_development" ENCODING = 'unicode'[0m
  ↳ /Users/learn/.rvm/gems/ruby-2.3.1/gems/rake-12.3.1/lib/rake/task.rb:271
  [1m[35m (475.8ms)[0m  [1m[35mCREATE DATABASE "cc_app_test" ENCODING = 'unicode'[0m
  ↳ /Users/learn/.rvm/gems/ruby-2.3.1/gems/rake-12.3.1/lib/rake/task.rb:271
  [1m[35m (4.1ms)[0m  [1m[35mCREATE TABLE "schema_migrations" ("version" character varying NOT NULL PRIMARY KEY)[0m
  ↳ /Users/learn/.rvm/gems/ruby-2.3.1/gems/rake-12.3.1/lib/rake/task.rb:271
  [1m[35m (2.3ms)[0m  [1m[35mCREATE TABLE "ar_internal_metadata" ("key" character varying NOT NULL PRIMARY KEY, "value" character varying, "created_at" timestamp NOT NULL, "updated_at" timestamp NOT NULL)[0m
  ↳ /Users/learn/.rvm/gems/ruby-2.3.1/gems/rake-12.3.1/lib/rake/task.rb:271
  [1m[35m (0.2ms)[0m  [1m[34mSELECT pg_try_advisory_lock(2290276118972758770)[0m
  ↳ /Users/learn/.rvm/gems/ruby-2.3.1/gems/rake-12.3.1/lib/rake/task.rb:271
  [1m[35m (0.6ms)[0m  [1m[34mSELECT "schema_migrations"."version" FROM "schema_migrations" ORDER BY "schema_migrations"."version" ASC[0m
  ↳ /Users/learn/.rvm/gems/ruby-2.3.1/gems/rake-12.3.1/lib/rake/task.rb:271
Migrating to CreateUsers (20180503203547)
  [1m[35m (0.2ms)[0m  [1m[34mSELECT pg_advisory_unlock(2290276118972758770)[0m
  ↳ /Users/learn/.rvm/gems/ruby-2.3.1/gems/rake-12.3.1/lib/rake/task.rb:271
  [1m[35m (0.2ms)[0m  [1m[34mSELECT pg_try_advisory_lock(2290276118972758770)[0m
  ↳ /Users/learn/.rvm/gems/ruby-2.3.1/gems/rake-12.3.1/lib/rake/task.rb:271
  [1m[35m (0.5ms)[0m  [1m[34mSELECT "schema_migrations"."version" FROM "schema_migrations" ORDER BY "schema_migrations"."version" ASC[0m
  ↳ /Users/learn/.rvm/gems/ruby-2.3.1/gems/rake-12.3.1/lib/rake/task.rb:271
Migrating to CreateUsers (20180503203547)
  [1m[35m (0.1ms)[0m  [1m[35mBEGIN[0m
  ↳ /Users/learn/.rvm/gems/ruby-2.3.1/gems/rake-12.3.1/lib/rake/task.rb:271
  [1m[35m (44.5ms)[0m  [1m[35mCREATE TABLE "users" ("id" bigserial primary key, "Name" character varying, "Address" character varying, "City" character varying, "State" character varying, "Zip" integer, "Email" character varying, "created_at" timestamp NOT NULL, "updated_at" timestamp NOT NULL)[0m
  ↳ db/migrate/20180503203547_create_users.rb:3
  [1m[36mActiveRecord::SchemaMigration Create (0.6ms)[0m  [1m[32mINSERT INTO "schema_migrations" ("version") VALUES ($1) RETURNING "version"[0m  [["version", "20180503203547"]]
  ↳ /Users/learn/.rvm/gems/ruby-2.3.1/gems/rake-12.3.1/lib/rake/task.rb:271
  [1m[35m (0.7ms)[0m  [1m[35mCOMMIT[0m
  ↳ /Users/learn/.rvm/gems/ruby-2.3.1/gems/rake-12.3.1/lib/rake/task.rb:271
Migrating to CreateCreditCards (20180503204248)
  [1m[35m (39.8ms)[0m  [1m[35mBEGIN[0m
  ↳ /Users/learn/.rvm/gems/ruby-2.3.1/gems/rake-12.3.1/lib/rake/task.rb:271
  [1m[35m (2.6ms)[0m  [1m[35mCREATE TABLE "credit_cards" ("id" bigserial primary key, "user_id" bigint, "expired_date" date, "card_num" character varying, "created_at" timestamp NOT NULL, "updated_at" timestamp NOT NULL)[0m
  ↳ db/migrate/20180503204248_create_credit_cards.rb:3
  [1m[35m (0.8ms)[0m  [1m[35mCREATE  INDEX  "index_credit_cards_on_user_id" ON "credit_cards"  ("user_id")[0m
  ↳ db/migrate/20180503204248_create_credit_cards.rb:3
  [1m[36mActiveRecord::SchemaMigration Create (0.3ms)[0m  [1m[32mINSERT INTO "schema_migrations" ("version") VALUES ($1) RETURNING "version"[0m  [["version", "20180503204248"]]
  ↳ /Users/learn/.rvm/gems/ruby-2.3.1/gems/rake-12.3.1/lib/rake/task.rb:271
  [1m[35m (0.4ms)[0m  [1m[35mCOMMIT[0m
  ↳ /Users/learn/.rvm/gems/ruby-2.3.1/gems/rake-12.3.1/lib/rake/task.rb:271
  [1m[36mActiveRecord::InternalMetadata Load (0.3ms)[0m  [1m[34mSELECT  "ar_internal_metadata".* FROM "ar_internal_metadata" WHERE "ar_internal_metadata"."key" = $1 LIMIT $2[0m  [["key", "environment"], ["LIMIT", 1]]
  ↳ /Users/learn/.rvm/gems/ruby-2.3.1/gems/rake-12.3.1/lib/rake/task.rb:271
  [1m[35m (0.2ms)[0m  [1m[35mBEGIN[0m
  ↳ /Users/learn/.rvm/gems/ruby-2.3.1/gems/rake-12.3.1/lib/rake/task.rb:271
  [1m[36mActiveRecord::InternalMetadata Create (0.4ms)[0m  [1m[32mINSERT INTO "ar_internal_metadata" ("key", "value", "created_at", "updated_at") VALUES ($1, $2, $3, $4) RETURNING "key"[0m  [["key", "environment"], ["value", "development"], ["created_at", "2018-05-03 22:07:22.013543"], ["updated_at", "2018-05-03 22:07:22.013543"]]
  ↳ /Users/learn/.rvm/gems/ruby-2.3.1/gems/rake-12.3.1/lib/rake/task.rb:271
  [1m[35m (0.3ms)[0m  [1m[35mCOMMIT[0m
  ↳ /Users/learn/.rvm/gems/ruby-2.3.1/gems/rake-12.3.1/lib/rake/task.rb:271
  [1m[35m (0.2ms)[0m  [1m[34mSELECT pg_advisory_unlock(2290276118972758770)[0m
  ↳ /Users/learn/.rvm/gems/ruby-2.3.1/gems/rake-12.3.1/lib/rake/task.rb:271
  [1m[35m (0.3ms)[0m  [1m[34mSELECT "schema_migrations"."version" FROM "schema_migrations" ORDER BY "schema_migrations"."version" ASC[0m
  ↳ /Users/learn/.rvm/gems/ruby-2.3.1/gems/rake-12.3.1/lib/rake/task.rb:271
  [1m[35m (0.2ms)[0m  [1m[35mBEGIN[0m
  [1m[36mUser Create (0.9ms)[0m  [1m[32mINSERT INTO "users" ("Name", "Address", "City", "State", "Zip", "created_at", "updated_at") VALUES ($1, $2, $3, $4, $5, $6, $7) RETURNING "id"[0m  [["Name", "John Doe"], ["Address", "el cojion dr"], ["City", "San Diego"], ["State", "CA"], ["Zip", 92562], ["created_at", "2018-05-03 22:10:11.596957"], ["updated_at", "2018-05-03 22:10:11.596957"]]
  [1m[35m (0.7ms)[0m  [1m[35mCOMMIT[0m
  [1m[35m (0.2ms)[0m  [1m[35mBEGIN[0m
  [1m[36mUser Load (0.2ms)[0m  [1m[34mSELECT  "users".* FROM "users" WHERE "users"."id" = $1 LIMIT $2[0m  [["id", 1], ["LIMIT", 1]]
  [1m[36mCreditCard Create (0.6ms)[0m  [1m[32mINSERT INTO "credit_cards" ("user_id", "card_num", "created_at", "updated_at") VALUES ($1, $2, $3, $4) RETURNING "id"[0m  [["user_id", 1], ["card_num", "463533423772"], ["created_at", "2018-05-03 22:13:07.188434"], ["updated_at", "2018-05-03 22:13:07.188434"]]
  [1m[35m (40.7ms)[0m  [1m[35mCOMMIT[0m
  [1m[35m (0.2ms)[0m  [1m[35mBEGIN[0m
  [1m[36mUser Load (0.3ms)[0m  [1m[34mSELECT  "users".* FROM "users" WHERE "users"."id" = $1 LIMIT $2[0m  [["id", 2], ["LIMIT", 1]]
  [1m[35m (0.2ms)[0m  [1m[31mROLLBACK[0m
  [1m[35m (0.2ms)[0m  [1m[35mBEGIN[0m
  [1m[36mUser Create (0.4ms)[0m  [1m[32mINSERT INTO "users" ("Name", "Address", "City", "State", "Zip", "created_at", "updated_at") VALUES ($1, $2, $3, $4, $5, $6, $7) RETURNING "id"[0m  [["Name", "James Smith"], ["Address", "el propreitary  dr"], ["City", "San Diego"], ["State", "CA"], ["Zip", 92442], ["created_at", "2018-05-03 22:16:09.563023"], ["updated_at", "2018-05-03 22:16:09.563023"]]
  [1m[35m (0.5ms)[0m  [1m[35mCOMMIT[0m
  [1m[36mUser Load (0.3ms)[0m  [1m[34mSELECT  "users".* FROM "users" LIMIT $1[0m  [["LIMIT", 11]]
  [1m[35m (0.5ms)[0m  [1m[35mCREATE DATABASE "cc_app_development" ENCODING = 'unicode'[0m
  ↳ /Users/learn/.rvm/gems/ruby-2.3.1/gems/rake-12.3.1/lib/rake/task.rb:271
  [1m[35m (0.6ms)[0m  [1m[35mCREATE DATABASE "cc_app_test" ENCODING = 'unicode'[0m
  ↳ /Users/learn/.rvm/gems/ruby-2.3.1/gems/rake-12.3.1/lib/rake/task.rb:271
  [1m[36mUser Load (0.4ms)[0m  [1m[34mSELECT  "users".* FROM "users" WHERE "users"."id" = $1 LIMIT $2[0m  [["id", 1], ["LIMIT", 1]]
  [1m[36mCreditCard Load (0.3ms)[0m  [1m[34mSELECT  "credit_cards".* FROM "credit_cards" WHERE "credit_cards"."user_id" = $1 LIMIT $2[0m  [["user_id", 1], ["LIMIT", 11]]
  [1m[35m (0.2ms)[0m  [1m[35mBEGIN[0m
  [1m[36mCreditCard Create (0.6ms)[0m  [1m[32mINSERT INTO "credit_cards" ("user_id", "card_num", "created_at", "updated_at") VALUES ($1, $2, $3, $4) RETURNING "id"[0m  [["user_id", 1], ["card_num", "130958123948"], ["created_at", "2018-05-03 22:39:55.005841"], ["updated_at", "2018-05-03 22:39:55.005841"]]
  [1m[35m (0.5ms)[0m  [1m[35mCOMMIT[0m
  [1m[36mCreditCard Load (0.4ms)[0m  [1m[34mSELECT  "credit_cards".* FROM "credit_cards" WHERE "credit_cards"."user_id" = $1 LIMIT $2[0m  [["user_id", 1], ["LIMIT", 11]]
  [1m[36mUser Load (0.4ms)[0m  [1m[34mSELECT  "users".* FROM "users" WHERE "users"."id" = $1 LIMIT $2[0m  [["id", 2], ["LIMIT", 1]]
  [1m[35m (0.2ms)[0m  [1m[35mBEGIN[0m
  [1m[36mCreditCard Update (0.4ms)[0m  [1m[33mUPDATE "credit_cards" SET "user_id" = $1, "updated_at" = $2 WHERE "credit_cards"."id" = $3[0m  [["user_id", 2], ["updated_at", "2018-05-03 22:44:16.544234"], ["id", 2]]
  [1m[35m (40.2ms)[0m  [1m[35mCOMMIT[0m
  [1m[36mCreditCard Load (0.2ms)[0m  [1m[34mSELECT  "credit_cards".* FROM "credit_cards" WHERE "credit_cards"."user_id" = $1 LIMIT $2[0m  [["user_id", 2], ["LIMIT", 11]]
  [1m[35m (0.2ms)[0m  [1m[34mSELECT pg_try_advisory_lock(2290276118972758770)[0m
  ↳ /Users/learn/.rvm/gems/ruby-2.3.1/gems/rake-12.3.1/lib/rake/task.rb:271
  [1m[35m (0.7ms)[0m  [1m[34mSELECT "schema_migrations"."version" FROM "schema_migrations" ORDER BY "schema_migrations"."version" ASC[0m
  ↳ /Users/learn/.rvm/gems/ruby-2.3.1/gems/rake-12.3.1/lib/rake/task.rb:271
Migrating to AddCreditLimitToCreditCards (20180503231509)
  [1m[35m (0.2ms)[0m  [1m[35mBEGIN[0m
  ↳ /Users/learn/.rvm/gems/ruby-2.3.1/gems/rake-12.3.1/lib/rake/task.rb:271
  [1m[35m (0.8ms)[0m  [1m[35mALTER TABLE "credit_cards" ADD "limit" integer[0m
  ↳ db/migrate/20180503231509_add_credit_limit_to_credit_cards.rb:3
  [1m[36mActiveRecord::SchemaMigration Create (0.3ms)[0m  [1m[32mINSERT INTO "schema_migrations" ("version") VALUES ($1) RETURNING "version"[0m  [["version", "20180503231509"]]
  ↳ /Users/learn/.rvm/gems/ruby-2.3.1/gems/rake-12.3.1/lib/rake/task.rb:271
  [1m[35m (41.0ms)[0m  [1m[35mCOMMIT[0m
  ↳ /Users/learn/.rvm/gems/ruby-2.3.1/gems/rake-12.3.1/lib/rake/task.rb:271
  [1m[36mActiveRecord::InternalMetadata Load (0.4ms)[0m  [1m[34mSELECT  "ar_internal_metadata".* FROM "ar_internal_metadata" WHERE "ar_internal_metadata"."key" = $1 LIMIT $2[0m  [["key", "environment"], ["LIMIT", 1]]
  ↳ /Users/learn/.rvm/gems/ruby-2.3.1/gems/rake-12.3.1/lib/rake/task.rb:271
  [1m[35m (0.2ms)[0m  [1m[35mBEGIN[0m
  ↳ /Users/learn/.rvm/gems/ruby-2.3.1/gems/rake-12.3.1/lib/rake/task.rb:271
  [1m[35m (0.1ms)[0m  [1m[35mCOMMIT[0m
  ↳ /Users/learn/.rvm/gems/ruby-2.3.1/gems/rake-12.3.1/lib/rake/task.rb:271
  [1m[35m (0.2ms)[0m  [1m[34mSELECT pg_advisory_unlock(2290276118972758770)[0m
  ↳ /Users/learn/.rvm/gems/ruby-2.3.1/gems/rake-12.3.1/lib/rake/task.rb:271
  [1m[35m (0.2ms)[0m  [1m[34mSELECT "schema_migrations"."version" FROM "schema_migrations" ORDER BY "schema_migrations"."version" ASC[0m
  ↳ /Users/learn/.rvm/gems/ruby-2.3.1/gems/rake-12.3.1/lib/rake/task.rb:271
  [1m[36mCreditCard Load (0.4ms)[0m  [1m[34mSELECT  "credit_cards".* FROM "credit_cards" WHERE "credit_cards"."id" = $1 LIMIT $2[0m  [["id", 1], ["LIMIT", 1]]
  [1m[35m (0.2ms)[0m  [1m[35mBEGIN[0m
  [1m[36mUser Load (0.3ms)[0m  [1m[34mSELECT  "users".* FROM "users" WHERE "users"."id" = $1 LIMIT $2[0m  [["id", 1], ["LIMIT", 1]]
  [1m[36mCreditCard Update (0.4ms)[0m  [1m[33mUPDATE "credit_cards" SET "updated_at" = $1, "limit" = $2 WHERE "credit_cards"."id" = $3[0m  [["updated_at", "2018-05-03 23:36:07.376328"], ["limit", 700], ["id", 1]]
  [1m[35m (0.6ms)[0m  [1m[35mCOMMIT[0m
